<?xml version="1.0" encoding="UTF-8"?>
<testsuite name="wildberriesSearch.SearchPositiveStepsTest" tests="1" skipped="0" failures="0" errors="0" timestamp="2024-03-18T13:17:35" hostname="user" time="8.624">
  <properties/>
  <testcase name="searchLongTextNoAuthorizedUser()" classname="wildberriesSearch.SearchPositiveStepsTest" time="8.624"/>
  <system-out><![CDATA[]]></system-out>
  <system-err><![CDATA[[Test worker] INFO com.codeborne.selenide.impl.WebDriverThreadLocalContainer - No webdriver is bound to current thread: 1 - let's create a new webdriver
[Test worker] INFO com.codeborne.selenide.impl.FileHelper - Creating folder: /home/user/IdeaProjects/wildberries/build/downloads/1710767855343_26831_1
мар. 18, 2024 4:17:40 PM org.openqa.selenium.devtools.CdpVersionFinder findNearestMatch
WARNING: Unable to find an exact match for CDP version 122, returning the closest version; found: 120; Please update to a Selenium version that supports CDP version 122
[Test worker] INFO com.codeborne.selenide.webdriver.WebDriverFactory - BrowserName=chrome Version=122.0.6261.128 Platform=linux
[Test worker] INFO com.codeborne.selenide.webdriver.WebDriverFactory - Selenide v. 7.0.4
[Test worker] INFO com.codeborne.selenide.webdriver.WebDriverFactory - Selenium WebDriver v. 4.16.1 build revision: 9b4c83354e
[Test worker] INFO com.codeborne.selenide.drivercommands.CreateDriverCommand - Created webdriver in thread 1: ChromeDriver -> ChromeDriver: chrome on linux (d3c42ee17d85ac530a6aa5af9bc752e6), downloadsFolder: /home/user/IdeaProjects/wildberries/build/downloads/1710767855343_26831_1
[Test worker] INFO com.codeborne.selenide.drivercommands.DisposablesRegistry - Register WebDriverInstance[config=StaticConfig, webDriver=ChromeDriver: chrome on linux (d3c42ee17d85ac530a6aa5af9bc752e6), proxy=null, downloadsFolder=/home/user/IdeaProjects/wildberries/build/downloads/1710767855343_26831_1] in 1 [size=1]
[Test worker] INFO com.codeborne.selenide.drivercommands.DisposablesRegistry - Add shutdown hook in 1 [size=1]
]]></system-err>
</testsuite>
